{"/Users/joshuaedwards/Desktop/Time and Space/SpaceTimeComplexity/src/App.js": {"path":"/Users/joshuaedwards/Desktop/Time and Space/SpaceTimeComplexity/src/App.js","statementMap":{"0":{"start":{"line":18,"column":19},"end":{"line":27,"column":1}},"1":{"start":{"line":25,"column":17},"end":{"line":25,"column":39}},"2":{"start":{"line":26,"column":4},"end":{"line":26,"column":18}},"3":{"start":{"line":29,"column":20},"end":{"line":29,"column":22}},"4":{"start":{"line":31,"column":19},"end":{"line":45,"column":1}},"5":{"start":{"line":43,"column":17},"end":{"line":43,"column":39}},"6":{"start":{"line":44,"column":4},"end":{"line":44,"column":18}},"7":{"start":{"line":47,"column":20},"end":{"line":47,"column":22}},"8":{"start":{"line":49,"column":19},"end":{"line":63,"column":1}},"9":{"start":{"line":61,"column":17},"end":{"line":61,"column":39}},"10":{"start":{"line":62,"column":4},"end":{"line":62,"column":18}},"11":{"start":{"line":65,"column":20},"end":{"line":65,"column":22}},"12":{"start":{"line":67,"column":19},"end":{"line":84,"column":1}},"13":{"start":{"line":82,"column":17},"end":{"line":82,"column":39}},"14":{"start":{"line":83,"column":4},"end":{"line":83,"column":18}},"15":{"start":{"line":86,"column":20},"end":{"line":86,"column":22}},"16":{"start":{"line":88,"column":19},"end":{"line":103,"column":1}},"17":{"start":{"line":101,"column":17},"end":{"line":101,"column":39}},"18":{"start":{"line":102,"column":4},"end":{"line":102,"column":18}},"19":{"start":{"line":105,"column":20},"end":{"line":105,"column":22}},"20":{"start":{"line":107,"column":19},"end":{"line":129,"column":1}},"21":{"start":{"line":127,"column":17},"end":{"line":127,"column":39}},"22":{"start":{"line":128,"column":4},"end":{"line":128,"column":18}},"23":{"start":{"line":131,"column":20},"end":{"line":131,"column":22}},"24":{"start":{"line":138,"column":0},"end":{"line":141,"column":1}}},"fnMap":{"0":{"name":"(anonymous_0)","decl":{"start":{"line":18,"column":19},"end":{"line":18,"column":20}},"loc":{"start":{"line":18,"column":25},"end":{"line":27,"column":1}},"line":18},"1":{"name":"(anonymous_1)","decl":{"start":{"line":31,"column":19},"end":{"line":31,"column":20}},"loc":{"start":{"line":31,"column":25},"end":{"line":45,"column":1}},"line":31},"2":{"name":"(anonymous_2)","decl":{"start":{"line":49,"column":19},"end":{"line":49,"column":20}},"loc":{"start":{"line":49,"column":25},"end":{"line":63,"column":1}},"line":49},"3":{"name":"(anonymous_3)","decl":{"start":{"line":67,"column":19},"end":{"line":67,"column":20}},"loc":{"start":{"line":67,"column":25},"end":{"line":84,"column":1}},"line":67},"4":{"name":"(anonymous_4)","decl":{"start":{"line":88,"column":19},"end":{"line":88,"column":20}},"loc":{"start":{"line":88,"column":25},"end":{"line":103,"column":1}},"line":88},"5":{"name":"(anonymous_5)","decl":{"start":{"line":107,"column":19},"end":{"line":107,"column":20}},"loc":{"start":{"line":107,"column":25},"end":{"line":129,"column":1}},"line":107}},"branchMap":{},"s":{"0":0,"1":0,"2":0,"3":0,"4":0,"5":0,"6":0,"7":0,"8":0,"9":0,"10":0,"11":0,"12":0,"13":0,"14":0,"15":0,"16":0,"17":0,"18":0,"19":0,"20":0,"21":0,"22":0,"23":0,"24":0},"f":{"0":0,"1":0,"2":0,"3":0,"4":0,"5":0},"b":{}}
}
