{"/Users/joshuaedwards/Desktop/Time and Space/SpaceTimeComplexity/src/App.jsx": {"path":"/Users/joshuaedwards/Desktop/Time and Space/SpaceTimeComplexity/src/App.jsx","statementMap":{"0":{"start":{"line":11,"column":19},"end":{"line":20,"column":1}},"1":{"start":{"line":18,"column":17},"end":{"line":18,"column":55}},"2":{"start":{"line":19,"column":4},"end":{"line":19,"column":18}},"3":{"start":{"line":22,"column":20},"end":{"line":22,"column":22}},"4":{"start":{"line":24,"column":19},"end":{"line":38,"column":1}},"5":{"start":{"line":36,"column":17},"end":{"line":36,"column":39}},"6":{"start":{"line":37,"column":4},"end":{"line":37,"column":18}},"7":{"start":{"line":40,"column":20},"end":{"line":40,"column":22}},"8":{"start":{"line":42,"column":19},"end":{"line":56,"column":1}},"9":{"start":{"line":54,"column":17},"end":{"line":54,"column":39}},"10":{"start":{"line":55,"column":4},"end":{"line":55,"column":18}},"11":{"start":{"line":58,"column":20},"end":{"line":58,"column":22}},"12":{"start":{"line":60,"column":19},"end":{"line":78,"column":1}},"13":{"start":{"line":76,"column":17},"end":{"line":76,"column":39}},"14":{"start":{"line":77,"column":4},"end":{"line":77,"column":18}},"15":{"start":{"line":80,"column":20},"end":{"line":80,"column":22}},"16":{"start":{"line":82,"column":19},"end":{"line":97,"column":1}},"17":{"start":{"line":95,"column":17},"end":{"line":95,"column":39}},"18":{"start":{"line":96,"column":4},"end":{"line":96,"column":18}},"19":{"start":{"line":99,"column":20},"end":{"line":99,"column":22}},"20":{"start":{"line":101,"column":19},"end":{"line":123,"column":1}},"21":{"start":{"line":121,"column":17},"end":{"line":121,"column":39}},"22":{"start":{"line":122,"column":4},"end":{"line":122,"column":18}},"23":{"start":{"line":125,"column":20},"end":{"line":125,"column":22}},"24":{"start":{"line":128,"column":0},"end":{"line":131,"column":1}}},"fnMap":{"0":{"name":"(anonymous_0)","decl":{"start":{"line":11,"column":19},"end":{"line":11,"column":20}},"loc":{"start":{"line":11,"column":25},"end":{"line":20,"column":1}},"line":11},"1":{"name":"(anonymous_1)","decl":{"start":{"line":24,"column":19},"end":{"line":24,"column":20}},"loc":{"start":{"line":24,"column":25},"end":{"line":38,"column":1}},"line":24},"2":{"name":"(anonymous_2)","decl":{"start":{"line":42,"column":19},"end":{"line":42,"column":20}},"loc":{"start":{"line":42,"column":25},"end":{"line":56,"column":1}},"line":42},"3":{"name":"(anonymous_3)","decl":{"start":{"line":60,"column":19},"end":{"line":60,"column":20}},"loc":{"start":{"line":60,"column":25},"end":{"line":78,"column":1}},"line":60},"4":{"name":"(anonymous_4)","decl":{"start":{"line":82,"column":19},"end":{"line":82,"column":20}},"loc":{"start":{"line":82,"column":25},"end":{"line":97,"column":1}},"line":82},"5":{"name":"(anonymous_5)","decl":{"start":{"line":101,"column":19},"end":{"line":101,"column":20}},"loc":{"start":{"line":101,"column":25},"end":{"line":123,"column":1}},"line":101}},"branchMap":{},"s":{"0":1,"1":2,"2":2,"3":1,"4":1,"5":2,"6":2,"7":1,"8":1,"9":2,"10":2,"11":1,"12":1,"13":2,"14":2,"15":1,"16":1,"17":2,"18":2,"19":1,"20":1,"21":2,"22":2,"23":1,"24":1},"f":{"0":2,"1":2,"2":2,"3":2,"4":2,"5":2},"b":{},"_coverageSchema":"1a1c01bbd47fc00a2c39e90264f33305004495a9","hash":"099965cff6848c50ed4e79e5db79b0c4df7ef084"}
}
