TN:
SF:src/App.jsx
FN:18,(anonymous_0)
FN:31,(anonymous_1)
FN:49,(anonymous_2)
FN:67,(anonymous_3)
FN:88,(anonymous_4)
FN:107,(anonymous_5)
FNF:6
FNH:6
FNDA:2,(anonymous_0)
FNDA:2,(anonymous_1)
FNDA:2,(anonymous_2)
FNDA:2,(anonymous_3)
FNDA:2,(anonymous_4)
FNDA:2,(anonymous_5)
DA:18,1
DA:25,2
DA:26,2
DA:29,1
DA:31,1
DA:43,2
DA:44,2
DA:47,1
DA:49,1
DA:61,2
DA:62,2
DA:65,1
DA:67,1
DA:82,2
DA:83,2
DA:86,1
DA:88,1
DA:101,2
DA:102,2
DA:105,1
DA:107,1
DA:127,2
DA:128,2
DA:131,1
DA:138,1
LF:25
LH:25
BRF:0
BRH:0
end_of_record
