TN:
SF:src/App.jsx
FN:11,(anonymous_0)
FN:24,(anonymous_1)
FN:42,(anonymous_2)
FN:60,(anonymous_3)
FN:81,(anonymous_4)
FN:100,(anonymous_5)
FNF:6
FNH:6
FNDA:2,(anonymous_0)
FNDA:2,(anonymous_1)
FNDA:2,(anonymous_2)
FNDA:2,(anonymous_3)
FNDA:2,(anonymous_4)
FNDA:2,(anonymous_5)
DA:11,1
DA:18,2
DA:19,2
DA:22,1
DA:24,1
DA:36,2
DA:37,2
DA:40,1
DA:42,1
DA:54,2
DA:55,2
DA:58,1
DA:60,1
DA:75,2
DA:76,2
DA:79,1
DA:81,1
DA:94,2
DA:95,2
DA:98,1
DA:100,1
DA:120,2
DA:121,2
DA:124,1
DA:127,1
LF:25
LH:25
BRF:0
BRH:0
end_of_record
